<?xml version="1.0" encoding="UTF-8"?>
<!-- Generated by org.testng.reporters.JUnitXMLReporter -->
<testsuite hostname="DESKTOP-6PBGOBT" failures="1" tests="12" name="SmokeTests" time="111.281" errors="0" timestamp="29 Oct 2023 02:59:48 GMT">
  <testcase classname="com.qa.opencart.testcases.LoginPageTest" name="verifyLoginPageTitle" time="0.557"/>
  <testcase classname="com.qa.opencart.testcases.CustomerLoginPageTest" name="verifyPageTitle" time="2.584"/>
  <testcase classname="com.qa.opencart.testcases.LoginPageTest" name="verifySearchBoxDisplay" time="0.329"/>
  <testcase classname="com.qa.opencart.testcases.CustomerLoginPageTest" name="verifyCreateAccountDipslay" time="2.474"/>
  <testcase classname="com.qa.opencart.testcases.LoginPageTest" name="verifyHeaderElementsText" time="0.963"/>
  <testcase classname="com.qa.opencart.testcases.CustomerLoginPageTest" name="verifyForgotPasswordLinkDisplay" time="2.262"/>
  <testcase classname="com.qa.opencart.testcases.LoginPageTest" name="verifyFooterElementText" time="0.721"/>
  <testcase classname="com.qa.opencart.testcases.CustomerLoginPageTest" name="verifySignInButtonDisplay" time="1.885">
    <failure type="java.lang.AssertionError" message="expected [false] but found [true]">
      <![CDATA[java.lang.AssertionError: expected [false] but found [true]
	at com.qa.opencart.testcases.CustomerLoginPageTest.verifySignInButtonDisplay(CustomerLoginPageTest.java:38)
... Removed 30 stack frames]]>
    </failure>
  </testcase> <!-- verifySignInButtonDisplay -->
  <testcase classname="com.qa.opencart.testcases.LoginPageTest" name="verifyCartLinkDisplay" time="0.099"/>
  <testcase classname="com.qa.opencart.testcases.CustomerLoginPageTest" name="verifyCustomerLogin" time="4.336"/>
  <testcase classname="com.qa.opencart.testcases.LoginPageTest" name="verifySignInLinkDisplay" time="0.394"/>
  <testcase classname="com.qa.opencart.testcases.LoginPageTest" name="verifyCreateAccountLinkDisplay" time="0.498"/>
</testsuite> <!-- SmokeTests -->
