<?xml version="1.0" encoding="UTF-8"?>
<testng-results total="12" passed="11" failed="1" skipped="0">
  <reporter-output>
  </reporter-output>
  <suite started-at="2023-10-29T02:57:57Z" name="SmokeSuite" finished-at="2023-10-29T02:59:48Z" duration-ms="111281">
    <groups>
    </groups>
    <test started-at="2023-10-29T02:57:57Z" name="SmokeTests" finished-at="2023-10-29T02:59:48Z" duration-ms="111281">
      <class name="com.qa.opencart.testcases.LoginPageTest">
        <test-method is-config="true" signature="setUp()[pri:0, instance:com.qa.opencart.testcases.LoginPageTest@74f827ad]" started-at="2023-10-29T08:27:57Z" name="setUp" finished-at="2023-10-29T08:28:08Z" duration-ms="11287" status="PASS">
          <reporter-output>
          </reporter-output>
        </test-method> <!-- setUp -->
        <test-method signature="verifyLoginPageTitle()[pri:1, instance:com.qa.opencart.testcases.LoginPageTest@74f827ad]" started-at="2023-10-29T08:28:08Z" name="verifyLoginPageTitle" finished-at="2023-10-29T08:28:09Z" duration-ms="557" status="PASS">
          <reporter-output>
          </reporter-output>
        </test-method> <!-- verifyLoginPageTitle -->
        <test-method is-config="true" signature="tearDown()[pri:0, instance:com.qa.opencart.testcases.LoginPageTest@74f827ad]" started-at="2023-10-29T08:28:09Z" name="tearDown" finished-at="2023-10-29T08:28:11Z" duration-ms="1884" status="PASS">
          <reporter-output>
          </reporter-output>
        </test-method> <!-- tearDown -->
        <test-method is-config="true" signature="setUp()[pri:0, instance:com.qa.opencart.testcases.LoginPageTest@74f827ad]" started-at="2023-10-29T08:28:21Z" name="setUp" finished-at="2023-10-29T08:28:27Z" duration-ms="6050" status="PASS">
          <reporter-output>
          </reporter-output>
        </test-method> <!-- setUp -->
        <test-method signature="verifySearchBoxDisplay()[pri:2, instance:com.qa.opencart.testcases.LoginPageTest@74f827ad]" started-at="2023-10-29T08:28:27Z" name="verifySearchBoxDisplay" finished-at="2023-10-29T08:28:27Z" duration-ms="329" status="PASS">
          <reporter-output>
          </reporter-output>
        </test-method> <!-- verifySearchBoxDisplay -->
        <test-method is-config="true" signature="tearDown()[pri:0, instance:com.qa.opencart.testcases.LoginPageTest@74f827ad]" started-at="2023-10-29T08:28:27Z" name="tearDown" finished-at="2023-10-29T08:28:28Z" duration-ms="1183" status="PASS">
          <reporter-output>
          </reporter-output>
        </test-method> <!-- tearDown -->
        <test-method is-config="true" signature="setUp()[pri:0, instance:com.qa.opencart.testcases.LoginPageTest@74f827ad]" started-at="2023-10-29T08:28:38Z" name="setUp" finished-at="2023-10-29T08:28:44Z" duration-ms="5556" status="PASS">
          <reporter-output>
          </reporter-output>
        </test-method> <!-- setUp -->
        <test-method signature="verifyHeaderElementsText()[pri:3, instance:com.qa.opencart.testcases.LoginPageTest@74f827ad]" started-at="2023-10-29T08:28:44Z" name="verifyHeaderElementsText" finished-at="2023-10-29T08:28:44Z" duration-ms="963" status="PASS">
          <reporter-output>
          </reporter-output>
        </test-method> <!-- verifyHeaderElementsText -->
        <test-method is-config="true" signature="tearDown()[pri:0, instance:com.qa.opencart.testcases.LoginPageTest@74f827ad]" started-at="2023-10-29T08:28:44Z" name="tearDown" finished-at="2023-10-29T08:28:46Z" duration-ms="1478" status="PASS">
          <reporter-output>
          </reporter-output>
        </test-method> <!-- tearDown -->
        <test-method is-config="true" signature="setUp()[pri:0, instance:com.qa.opencart.testcases.LoginPageTest@74f827ad]" started-at="2023-10-29T08:28:56Z" name="setUp" finished-at="2023-10-29T08:29:01Z" duration-ms="5860" status="PASS">
          <reporter-output>
          </reporter-output>
        </test-method> <!-- setUp -->
        <test-method signature="verifyFooterElementText()[pri:4, instance:com.qa.opencart.testcases.LoginPageTest@74f827ad]" started-at="2023-10-29T08:29:01Z" name="verifyFooterElementText" finished-at="2023-10-29T08:29:02Z" duration-ms="721" status="PASS">
          <reporter-output>
          </reporter-output>
        </test-method> <!-- verifyFooterElementText -->
        <test-method is-config="true" signature="tearDown()[pri:0, instance:com.qa.opencart.testcases.LoginPageTest@74f827ad]" started-at="2023-10-29T08:29:02Z" name="tearDown" finished-at="2023-10-29T08:29:04Z" duration-ms="1717" status="PASS">
          <reporter-output>
          </reporter-output>
        </test-method> <!-- tearDown -->
        <test-method is-config="true" signature="setUp()[pri:0, instance:com.qa.opencart.testcases.LoginPageTest@74f827ad]" started-at="2023-10-29T08:29:14Z" name="setUp" finished-at="2023-10-29T08:29:21Z" duration-ms="6688" status="PASS">
          <reporter-output>
          </reporter-output>
        </test-method> <!-- setUp -->
        <test-method signature="verifyCartLinkDisplay()[pri:5, instance:com.qa.opencart.testcases.LoginPageTest@74f827ad]" started-at="2023-10-29T08:29:21Z" name="verifyCartLinkDisplay" finished-at="2023-10-29T08:29:21Z" duration-ms="99" status="PASS">
          <reporter-output>
          </reporter-output>
        </test-method> <!-- verifyCartLinkDisplay -->
        <test-method is-config="true" signature="tearDown()[pri:0, instance:com.qa.opencart.testcases.LoginPageTest@74f827ad]" started-at="2023-10-29T08:29:21Z" name="tearDown" finished-at="2023-10-29T08:29:22Z" duration-ms="1058" status="PASS">
          <reporter-output>
          </reporter-output>
        </test-method> <!-- tearDown -->
        <test-method is-config="true" signature="setUp()[pri:0, instance:com.qa.opencart.testcases.LoginPageTest@74f827ad]" started-at="2023-10-29T08:29:33Z" name="setUp" finished-at="2023-10-29T08:29:39Z" duration-ms="5779" status="PASS">
          <reporter-output>
          </reporter-output>
        </test-method> <!-- setUp -->
        <test-method signature="verifySignInLinkDisplay()[pri:6, instance:com.qa.opencart.testcases.LoginPageTest@74f827ad]" started-at="2023-10-29T08:29:39Z" name="verifySignInLinkDisplay" finished-at="2023-10-29T08:29:40Z" duration-ms="394" status="PASS">
          <reporter-output>
          </reporter-output>
        </test-method> <!-- verifySignInLinkDisplay -->
        <test-method is-config="true" signature="tearDown()[pri:0, instance:com.qa.opencart.testcases.LoginPageTest@74f827ad]" started-at="2023-10-29T08:29:40Z" name="tearDown" finished-at="2023-10-29T08:29:41Z" duration-ms="1216" status="PASS">
          <reporter-output>
          </reporter-output>
        </test-method> <!-- tearDown -->
        <test-method is-config="true" signature="setUp()[pri:0, instance:com.qa.opencart.testcases.LoginPageTest@74f827ad]" started-at="2023-10-29T08:29:41Z" name="setUp" finished-at="2023-10-29T08:29:46Z" duration-ms="5568" status="PASS">
          <reporter-output>
          </reporter-output>
        </test-method> <!-- setUp -->
        <test-method signature="verifyCreateAccountLinkDisplay()[pri:7, instance:com.qa.opencart.testcases.LoginPageTest@74f827ad]" started-at="2023-10-29T08:29:46Z" name="verifyCreateAccountLinkDisplay" finished-at="2023-10-29T08:29:47Z" duration-ms="498" status="PASS">
          <reporter-output>
          </reporter-output>
        </test-method> <!-- verifyCreateAccountLinkDisplay -->
        <test-method is-config="true" signature="tearDown()[pri:0, instance:com.qa.opencart.testcases.LoginPageTest@74f827ad]" started-at="2023-10-29T08:29:47Z" name="tearDown" finished-at="2023-10-29T08:29:48Z" duration-ms="1329" status="PASS">
          <reporter-output>
          </reporter-output>
        </test-method> <!-- tearDown -->
      </class> <!-- com.qa.opencart.testcases.LoginPageTest -->
      <class name="com.qa.opencart.testcases.CustomerLoginPageTest">
        <test-method is-config="true" signature="setUp()[pri:0, instance:com.qa.opencart.testcases.CustomerLoginPageTest@73c3cd09]" started-at="2023-10-29T08:28:11Z" name="setUp" finished-at="2023-10-29T08:28:17Z" duration-ms="5817" status="PASS">
          <reporter-output>
          </reporter-output>
        </test-method> <!-- setUp -->
        <test-method signature="verifyPageTitle()[pri:1, instance:com.qa.opencart.testcases.CustomerLoginPageTest@73c3cd09]" started-at="2023-10-29T08:28:17Z" name="verifyPageTitle" finished-at="2023-10-29T08:28:19Z" duration-ms="2584" status="PASS">
          <reporter-output>
          </reporter-output>
        </test-method> <!-- verifyPageTitle -->
        <test-method is-config="true" signature="tearDown()[pri:0, instance:com.qa.opencart.testcases.CustomerLoginPageTest@73c3cd09]" started-at="2023-10-29T08:28:19Z" name="tearDown" finished-at="2023-10-29T08:28:21Z" duration-ms="1583" status="PASS">
          <reporter-output>
          </reporter-output>
        </test-method> <!-- tearDown -->
        <test-method is-config="true" signature="setUp()[pri:0, instance:com.qa.opencart.testcases.CustomerLoginPageTest@73c3cd09]" started-at="2023-10-29T08:28:28Z" name="setUp" finished-at="2023-10-29T08:28:34Z" duration-ms="5961" status="PASS">
          <reporter-output>
          </reporter-output>
        </test-method> <!-- setUp -->
        <test-method signature="verifyCreateAccountDipslay()[pri:2, instance:com.qa.opencart.testcases.CustomerLoginPageTest@73c3cd09]" started-at="2023-10-29T08:28:34Z" name="verifyCreateAccountDipslay" finished-at="2023-10-29T08:28:37Z" duration-ms="2474" status="PASS">
          <reporter-output>
          </reporter-output>
        </test-method> <!-- verifyCreateAccountDipslay -->
        <test-method is-config="true" signature="tearDown()[pri:0, instance:com.qa.opencart.testcases.CustomerLoginPageTest@73c3cd09]" started-at="2023-10-29T08:28:37Z" name="tearDown" finished-at="2023-10-29T08:28:38Z" duration-ms="1265" status="PASS">
          <reporter-output>
          </reporter-output>
        </test-method> <!-- tearDown -->
        <test-method is-config="true" signature="setUp()[pri:0, instance:com.qa.opencart.testcases.CustomerLoginPageTest@73c3cd09]" started-at="2023-10-29T08:28:46Z" name="setUp" finished-at="2023-10-29T08:28:52Z" duration-ms="5978" status="PASS">
          <reporter-output>
          </reporter-output>
        </test-method> <!-- setUp -->
        <test-method signature="verifyForgotPasswordLinkDisplay()[pri:3, instance:com.qa.opencart.testcases.CustomerLoginPageTest@73c3cd09]" started-at="2023-10-29T08:28:52Z" name="verifyForgotPasswordLinkDisplay" finished-at="2023-10-29T08:28:54Z" duration-ms="2262" status="PASS">
          <reporter-output>
          </reporter-output>
        </test-method> <!-- verifyForgotPasswordLinkDisplay -->
        <test-method is-config="true" signature="tearDown()[pri:0, instance:com.qa.opencart.testcases.CustomerLoginPageTest@73c3cd09]" started-at="2023-10-29T08:28:54Z" name="tearDown" finished-at="2023-10-29T08:28:56Z" duration-ms="1434" status="PASS">
          <reporter-output>
          </reporter-output>
        </test-method> <!-- tearDown -->
        <test-method is-config="true" signature="setUp()[pri:0, instance:com.qa.opencart.testcases.CustomerLoginPageTest@73c3cd09]" started-at="2023-10-29T08:29:04Z" name="setUp" finished-at="2023-10-29T08:29:10Z" duration-ms="6315" status="PASS">
          <reporter-output>
          </reporter-output>
        </test-method> <!-- setUp -->
        <test-method signature="verifySignInButtonDisplay()[pri:4, instance:com.qa.opencart.testcases.CustomerLoginPageTest@73c3cd09]" started-at="2023-10-29T08:29:10Z" name="verifySignInButtonDisplay" finished-at="2023-10-29T08:29:12Z" duration-ms="1885" status="FAIL">
          <exception class="java.lang.AssertionError">
            <message>
              <![CDATA[expected [false] but found [true]]]>
            </message>
            <full-stacktrace>
              <![CDATA[java.lang.AssertionError: expected [false] but found [true]
	at org.testng.Assert.fail(Assert.java:94)
	at org.testng.Assert.failNotEquals(Assert.java:513)
	at org.testng.Assert.assertEqualsImpl(Assert.java:135)
	at org.testng.Assert.assertEquals(Assert.java:116)
	at org.testng.Assert.assertEquals(Assert.java:305)
	at org.testng.Assert.assertEquals(Assert.java:315)
	at com.qa.opencart.testcases.CustomerLoginPageTest.verifySignInButtonDisplay(CustomerLoginPageTest.java:38)
	at java.base/jdk.internal.reflect.NativeMethodAccessorImpl.invoke0(Native Method)
	at java.base/jdk.internal.reflect.NativeMethodAccessorImpl.invoke(NativeMethodAccessorImpl.java:64)
	at java.base/jdk.internal.reflect.DelegatingMethodAccessorImpl.invoke(DelegatingMethodAccessorImpl.java:43)
	at java.base/java.lang.reflect.Method.invoke(Method.java:564)
	at org.testng.internal.MethodInvocationHelper.invokeMethod(MethodInvocationHelper.java:86)
	at org.testng.internal.Invoker.invokeMethod(Invoker.java:643)
	at org.testng.internal.Invoker.invokeTestMethod(Invoker.java:820)
	at org.testng.internal.Invoker.invokeTestMethods(Invoker.java:1128)
	at org.testng.internal.TestMethodWorker.invokeTestMethods(TestMethodWorker.java:129)
	at org.testng.internal.TestMethodWorker.run(TestMethodWorker.java:112)
	at org.testng.TestRunner.privateRun(TestRunner.java:782)
	at org.testng.TestRunner.run(TestRunner.java:632)
	at org.testng.SuiteRunner.runTest(SuiteRunner.java:366)
	at org.testng.SuiteRunner.runSequentially(SuiteRunner.java:361)
	at org.testng.SuiteRunner.privateRun(SuiteRunner.java:319)
	at org.testng.SuiteRunner.run(SuiteRunner.java:268)
	at org.testng.SuiteRunnerWorker.runSuite(SuiteRunnerWorker.java:52)
	at org.testng.SuiteRunnerWorker.run(SuiteRunnerWorker.java:86)
	at org.testng.TestNG.runSuitesSequentially(TestNG.java:1244)
	at org.testng.TestNG.runSuitesLocally(TestNG.java:1169)
	at org.testng.TestNG.run(TestNG.java:1064)
	at org.testng.remote.AbstractRemoteTestNG.run(AbstractRemoteTestNG.java:115)
	at org.testng.remote.RemoteTestNG.initAndRun(RemoteTestNG.java:251)
	at org.testng.remote.RemoteTestNG.main(RemoteTestNG.java:77)
]]>
            </full-stacktrace>
          </exception> <!-- java.lang.AssertionError -->
          <reporter-output>
          </reporter-output>
        </test-method> <!-- verifySignInButtonDisplay -->
        <test-method is-config="true" signature="tearDown()[pri:0, instance:com.qa.opencart.testcases.CustomerLoginPageTest@73c3cd09]" started-at="2023-10-29T08:29:13Z" name="tearDown" finished-at="2023-10-29T08:29:14Z" duration-ms="1352" status="PASS">
          <reporter-output>
          </reporter-output>
        </test-method> <!-- tearDown -->
        <test-method is-config="true" signature="setUp()[pri:0, instance:com.qa.opencart.testcases.CustomerLoginPageTest@73c3cd09]" started-at="2023-10-29T08:29:22Z" name="setUp" finished-at="2023-10-29T08:29:28Z" duration-ms="5643" status="PASS">
          <reporter-output>
          </reporter-output>
        </test-method> <!-- setUp -->
        <test-method signature="verifyCustomerLogin()[pri:5, instance:com.qa.opencart.testcases.CustomerLoginPageTest@73c3cd09]" started-at="2023-10-29T08:29:28Z" name="verifyCustomerLogin" finished-at="2023-10-29T08:29:32Z" duration-ms="4336" status="PASS">
          <reporter-output>
          </reporter-output>
        </test-method> <!-- verifyCustomerLogin -->
        <test-method is-config="true" signature="tearDown()[pri:0, instance:com.qa.opencart.testcases.CustomerLoginPageTest@73c3cd09]" started-at="2023-10-29T08:29:32Z" name="tearDown" finished-at="2023-10-29T08:29:33Z" duration-ms="1345" status="PASS">
          <reporter-output>
          </reporter-output>
        </test-method> <!-- tearDown -->
      </class> <!-- com.qa.opencart.testcases.CustomerLoginPageTest -->
    </test> <!-- SmokeTests -->
  </suite> <!-- SmokeSuite -->
</testng-results>
